<?xml version="1.0" encoding="UTF-8"?>
<testng-results skipped="0" failed="0" total="1" passed="1">
  <reporter-output>
  </reporter-output>
  <suite name="Surefire suite" duration-ms="5971" started-at="2017-03-11T23:19:08Z" finished-at="2017-03-11T23:19:14Z">
    <groups>
    </groups>
    <test name="Surefire test" duration-ms="5971" started-at="2017-03-11T23:19:08Z" finished-at="2017-03-11T23:19:14Z">
      <class name="maven.LoginTest">
        <test-method status="PASS" signature="verifyFacebookLogin()[pri:0, instance:maven.LoginTest@7a79be86]" name="verifyFacebookLogin" duration-ms="5949" started-at="2017-03-12T10:19:08Z" finished-at="2017-03-12T10:19:14Z">
          <reporter-output>
          </reporter-output>
        </test-method> <!-- verifyFacebookLogin -->
      </class> <!-- maven.LoginTest -->
    </test> <!-- Surefire test -->
  </suite> <!-- Surefire suite -->
</testng-results>
