<?xml version="1.0" encoding="UTF-8"?>
<testng-results skipped="0" failed="0" total="2" passed="2">
  <reporter-output>
  </reporter-output>
  <suite name="Default suite" duration-ms="50455" started-at="2017-03-12T09:30:36Z" finished-at="2017-03-12T09:31:27Z">
    <groups>
    </groups>
    <test name="Default test" duration-ms="50455" started-at="2017-03-12T09:30:36Z" finished-at="2017-03-12T09:31:27Z">
      <class name="maven.LoginTest">
        <test-method status="PASS" signature="mainTest()[pri:0, instance:maven.LoginTest@d8355a8]" name="mainTest" duration-ms="44507" started-at="2017-03-12T20:30:37Z" finished-at="2017-03-12T20:31:21Z">
          <reporter-output>
          </reporter-output>
        </test-method> <!-- mainTest -->
        <test-method status="PASS" signature="verifyFacebookLogin()[pri:0, instance:maven.LoginTest@d8355a8]" name="verifyFacebookLogin" duration-ms="5910" started-at="2017-03-12T20:31:21Z" finished-at="2017-03-12T20:31:27Z">
          <reporter-output>
          </reporter-output>
        </test-method> <!-- verifyFacebookLogin -->
      </class> <!-- maven.LoginTest -->
    </test> <!-- Default test -->
  </suite> <!-- Default suite -->
</testng-results>
