<?xml version="1.0" encoding="UTF-8"?>
<testng-results skipped="0" failed="0" total="2" passed="2">
  <reporter-output>
  </reporter-output>
  <suite name="Default suite" duration-ms="62084" started-at="2017-03-12T11:22:39Z" finished-at="2017-03-12T11:23:41Z">
    <groups>
    </groups>
    <test name="Default test" duration-ms="62084" started-at="2017-03-12T11:22:39Z" finished-at="2017-03-12T11:23:41Z">
      <class name="maven.LoginTest">
        <test-method status="PASS" signature="mainTest()[pri:0, instance:maven.LoginTest@d8355a8]" name="mainTest" duration-ms="55449" started-at="2017-03-12T22:22:39Z" finished-at="2017-03-12T22:23:35Z">
          <reporter-output>
          </reporter-output>
        </test-method> <!-- mainTest -->
        <test-method status="PASS" signature="verifyFacebookLogin()[pri:0, instance:maven.LoginTest@d8355a8]" name="verifyFacebookLogin" duration-ms="6611" started-at="2017-03-12T22:23:35Z" finished-at="2017-03-12T22:23:41Z">
          <reporter-output>
          </reporter-output>
        </test-method> <!-- verifyFacebookLogin -->
      </class> <!-- maven.LoginTest -->
    </test> <!-- Default test -->
  </suite> <!-- Default suite -->
</testng-results>
